C:\USERS\SVANKAYALAPATI\PROJECTS\STRINGLOTPARSER\DEBUG\STRINGLOTPARSER.EXE
C:\USERS\SVANKAYALAPATI\PROJECTS\STRINGLOTPARSER\DEBUG\STRINGLOTPARSER.ILK
C:\USERS\SVANKAYALAPATI\PROJECTS\STRINGLOTPARSER\DEBUG\STRINGLOTPARSER.PDB
C:\Users\svankayalapati\Projects\StringLotParser\StringLotParser\Debug\cl.command.1.tlog
C:\Users\svankayalapati\Projects\StringLotParser\StringLotParser\Debug\CL.read.1.tlog
C:\Users\svankayalapati\Projects\StringLotParser\StringLotParser\Debug\CL.write.1.tlog
C:\USERS\SVANKAYALAPATI\PROJECTS\STRINGLOTPARSER\STRINGLOTPARSER\DEBUG\HEXA.OBJ
C:\Users\svankayalapati\Projects\StringLotParser\StringLotParser\Debug\link.10012.read.1.tlog
C:\Users\svankayalapati\Projects\StringLotParser\StringLotParser\Debug\link.10012.write.1.tlog
C:\Users\svankayalapati\Projects\StringLotParser\StringLotParser\Debug\link.10012-cvtres.read.1.tlog
C:\Users\svankayalapati\Projects\StringLotParser\StringLotParser\Debug\link.10012-cvtres.write.1.tlog
C:\Users\svankayalapati\Projects\StringLotParser\StringLotParser\Debug\link.5688.read.1.tlog
C:\Users\svankayalapati\Projects\StringLotParser\StringLotParser\Debug\link.5688.write.1.tlog
C:\Users\svankayalapati\Projects\StringLotParser\StringLotParser\Debug\link.5688-cvtres.read.1.tlog
C:\Users\svankayalapati\Projects\StringLotParser\StringLotParser\Debug\link.5688-cvtres.write.1.tlog
C:\Users\svankayalapati\Projects\StringLotParser\StringLotParser\Debug\link.8008.read.1.tlog
C:\Users\svankayalapati\Projects\StringLotParser\StringLotParser\Debug\link.8008.write.1.tlog
C:\Users\svankayalapati\Projects\StringLotParser\StringLotParser\Debug\link.8008-cvtres.read.1.tlog
C:\Users\svankayalapati\Projects\StringLotParser\StringLotParser\Debug\link.8008-cvtres.write.1.tlog
C:\Users\svankayalapati\Projects\StringLotParser\StringLotParser\Debug\link.command.1.tlog
C:\Users\svankayalapati\Projects\StringLotParser\StringLotParser\Debug\link.read.1.tlog
C:\Users\svankayalapati\Projects\StringLotParser\StringLotParser\Debug\link.write.1.tlog
C:\Users\svankayalapati\Projects\StringLotParser\StringLotParser\Debug\link-cvtres.read.1.tlog
C:\Users\svankayalapati\Projects\StringLotParser\StringLotParser\Debug\link-cvtres.write.1.tlog
C:\Users\svankayalapati\Projects\StringLotParser\StringLotParser\Debug\mt.command.1.tlog
C:\Users\svankayalapati\Projects\StringLotParser\StringLotParser\Debug\mt.read.1.tlog
C:\Users\svankayalapati\Projects\StringLotParser\StringLotParser\Debug\mt.write.1.tlog
C:\USERS\SVANKAYALAPATI\PROJECTS\STRINGLOTPARSER\STRINGLOTPARSER\DEBUG\PARSER.OBJ
C:\Users\svankayalapati\Projects\StringLotParser\StringLotParser\Debug\rc.command.1.tlog
C:\Users\svankayalapati\Projects\StringLotParser\StringLotParser\Debug\rc.read.1.tlog
C:\Users\svankayalapati\Projects\StringLotParser\StringLotParser\Debug\rc.write.1.tlog
C:\USERS\SVANKAYALAPATI\PROJECTS\STRINGLOTPARSER\STRINGLOTPARSER\DEBUG\STRINGLOTPARSER.EXE.EMBED.MANIFEST
C:\USERS\SVANKAYALAPATI\PROJECTS\STRINGLOTPARSER\STRINGLOTPARSER\DEBUG\STRINGLOTPARSER.EXE.EMBED.MANIFEST.RES
C:\USERS\SVANKAYALAPATI\PROJECTS\STRINGLOTPARSER\STRINGLOTPARSER\DEBUG\STRINGLOTPARSER.EXE.INTERMEDIATE.MANIFEST
C:\Users\svankayalapati\Projects\StringLotParser\StringLotParser\Debug\StringLotParser.vcxprojResolveAssemblyReference.cache
C:\Users\svankayalapati\Projects\StringLotParser\StringLotParser\Debug\StringLotParser.write.1.tlog
C:\Users\svankayalapati\Projects\StringLotParser\StringLotParser\Debug\StringLotParser_manifest.rc
C:\Users\svankayalapati\Projects\StringLotParser\StringLotParser\Debug\vc100.idb
C:\USERS\SVANKAYALAPATI\PROJECTS\STRINGLOTPARSER\STRINGLOTPARSER\DEBUG\VC100.PDB
